<?xml version="1.0" encoding="UTF-8"?>
<testsuite xmlns:xsi="http://www.w3.org/2001/XMLSchema-instance" xsi:noNamespaceSchemaLocation="https://maven.apache.org/surefire/maven-surefire-plugin/xsd/surefire-test-report-3.0.xsd" version="3.0" name="com.springdatamysql.BookControllerTest" time="13.685" tests="6" errors="0" skipped="0" failures="0">
  <properties>
    <property name="java.specification.version" value="21"/>
    <property name="sun.jnu.encoding" value="UTF-8"/>
    <property name="java.class.path" value="/Users/satyaagarwal/Documents/backup/customers/wellsfargo/spring-boot/spring-data-jpa-mysql/target/test-classes:/Users/satyaagarwal/Documents/backup/customers/wellsfargo/spring-boot/spring-data-jpa-mysql/target/classes:/Users/satyaagarwal/.m2/repository/org/springframework/boot/spring-boot-starter-web/3.1.2/spring-boot-starter-web-3.1.2.jar:/Users/satyaagarwal/.m2/repository/org/springframework/boot/spring-boot-starter/3.1.2/spring-boot-starter-3.1.2.jar:/Users/satyaagarwal/.m2/repository/org/springframework/boot/spring-boot/3.1.2/spring-boot-3.1.2.jar:/Users/satyaagarwal/.m2/repository/org/springframework/boot/spring-boot-starter-logging/3.1.2/spring-boot-starter-logging-3.1.2.jar:/Users/satyaagarwal/.m2/repository/ch/qos/logback/logback-classic/1.4.8/logback-classic-1.4.8.jar:/Users/satyaagarwal/.m2/repository/ch/qos/logback/logback-core/1.4.8/logback-core-1.4.8.jar:/Users/satyaagarwal/.m2/repository/org/apache/logging/log4j/log4j-to-slf4j/2.20.0/log4j-to-slf4j-2.20.0.jar:/Users/satyaagarwal/.m2/repository/org/apache/logging/log4j/log4j-api/2.20.0/log4j-api-2.20.0.jar:/Users/satyaagarwal/.m2/repository/org/slf4j/jul-to-slf4j/2.0.7/jul-to-slf4j-2.0.7.jar:/Users/satyaagarwal/.m2/repository/jakarta/annotation/jakarta.annotation-api/2.1.1/jakarta.annotation-api-2.1.1.jar:/Users/satyaagarwal/.m2/repository/org/yaml/snakeyaml/1.33/snakeyaml-1.33.jar:/Users/satyaagarwal/.m2/repository/org/springframework/boot/spring-boot-starter-json/3.1.2/spring-boot-starter-json-3.1.2.jar:/Users/satyaagarwal/.m2/repository/com/fasterxml/jackson/core/jackson-databind/2.15.2/jackson-databind-2.15.2.jar:/Users/satyaagarwal/.m2/repository/com/fasterxml/jackson/core/jackson-core/2.15.2/jackson-core-2.15.2.jar:/Users/satyaagarwal/.m2/repository/com/fasterxml/jackson/datatype/jackson-datatype-jdk8/2.15.2/jackson-datatype-jdk8-2.15.2.jar:/Users/satyaagarwal/.m2/repository/com/fasterxml/jackson/datatype/jackson-datatype-jsr310/2.15.2/jackson-datatype-jsr310-2.15.2.jar:/Users/satyaagarwal/.m2/repository/com/fasterxml/jackson/module/jackson-module-parameter-names/2.15.2/jackson-module-parameter-names-2.15.2.jar:/Users/satyaagarwal/.m2/repository/org/springframework/boot/spring-boot-starter-tomcat/3.1.2/spring-boot-starter-tomcat-3.1.2.jar:/Users/satyaagarwal/.m2/repository/org/apache/tomcat/embed/tomcat-embed-core/10.1.11/tomcat-embed-core-10.1.11.jar:/Users/satyaagarwal/.m2/repository/org/apache/tomcat/embed/tomcat-embed-el/10.1.11/tomcat-embed-el-10.1.11.jar:/Users/satyaagarwal/.m2/repository/org/apache/tomcat/embed/tomcat-embed-websocket/10.1.11/tomcat-embed-websocket-10.1.11.jar:/Users/satyaagarwal/.m2/repository/org/springframework/spring-web/6.0.11/spring-web-6.0.11.jar:/Users/satyaagarwal/.m2/repository/org/springframework/spring-beans/6.0.11/spring-beans-6.0.11.jar:/Users/satyaagarwal/.m2/repository/io/micrometer/micrometer-observation/1.11.2/micrometer-observation-1.11.2.jar:/Users/satyaagarwal/.m2/repository/io/micrometer/micrometer-commons/1.11.2/micrometer-commons-1.11.2.jar:/Users/satyaagarwal/.m2/repository/org/springframework/spring-webmvc/6.0.11/spring-webmvc-6.0.11.jar:/Users/satyaagarwal/.m2/repository/org/springframework/spring-aop/6.0.11/spring-aop-6.0.11.jar:/Users/satyaagarwal/.m2/repository/org/springframework/spring-context/6.0.11/spring-context-6.0.11.jar:/Users/satyaagarwal/.m2/repository/org/springframework/spring-expression/6.0.11/spring-expression-6.0.11.jar:/Users/satyaagarwal/.m2/repository/org/springframework/boot/spring-boot-starter-data-jpa/3.1.2/spring-boot-starter-data-jpa-3.1.2.jar:/Users/satyaagarwal/.m2/repository/org/springframework/boot/spring-boot-starter-aop/3.1.2/spring-boot-starter-aop-3.1.2.jar:/Users/satyaagarwal/.m2/repository/org/aspectj/aspectjweaver/1.9.19/aspectjweaver-1.9.19.jar:/Users/satyaagarwal/.m2/repository/org/springframework/boot/spring-boot-starter-jdbc/3.1.2/spring-boot-starter-jdbc-3.1.2.jar:/Users/satyaagarwal/.m2/repository/com/zaxxer/HikariCP/5.0.1/HikariCP-5.0.1.jar:/Users/satyaagarwal/.m2/repository/org/springframework/spring-jdbc/6.0.11/spring-jdbc-6.0.11.jar:/Users/satyaagarwal/.m2/repository/org/hibernate/orm/hibernate-core/6.2.6.Final/hibernate-core-6.2.6.Final.jar:/Users/satyaagarwal/.m2/repository/jakarta/persistence/jakarta.persistence-api/3.1.0/jakarta.persistence-api-3.1.0.jar:/Users/satyaagarwal/.m2/repository/jakarta/transaction/jakarta.transaction-api/2.0.1/jakarta.transaction-api-2.0.1.jar:/Users/satyaagarwal/.m2/repository/org/jboss/logging/jboss-logging/3.5.3.Final/jboss-logging-3.5.3.Final.jar:/Users/satyaagarwal/.m2/repository/org/hibernate/common/hibernate-commons-annotations/6.0.6.Final/hibernate-commons-annotations-6.0.6.Final.jar:/Users/satyaagarwal/.m2/repository/io/smallrye/jandex/3.0.5/jandex-3.0.5.jar:/Users/satyaagarwal/.m2/repository/com/fasterxml/classmate/1.5.1/classmate-1.5.1.jar:/Users/satyaagarwal/.m2/repository/net/bytebuddy/byte-buddy/1.14.5/byte-buddy-1.14.5.jar:/Users/satyaagarwal/.m2/repository/org/glassfish/jaxb/jaxb-runtime/4.0.3/jaxb-runtime-4.0.3.jar:/Users/satyaagarwal/.m2/repository/org/glassfish/jaxb/jaxb-core/4.0.3/jaxb-core-4.0.3.jar:/Users/satyaagarwal/.m2/repository/org/eclipse/angus/angus-activation/2.0.1/angus-activation-2.0.1.jar:/Users/satyaagarwal/.m2/repository/org/glassfish/jaxb/txw2/4.0.3/txw2-4.0.3.jar:/Users/satyaagarwal/.m2/repository/com/sun/istack/istack-commons-runtime/4.1.2/istack-commons-runtime-4.1.2.jar:/Users/satyaagarwal/.m2/repository/jakarta/inject/jakarta.inject-api/2.0.1/jakarta.inject-api-2.0.1.jar:/Users/satyaagarwal/.m2/repository/org/antlr/antlr4-runtime/4.10.1/antlr4-runtime-4.10.1.jar:/Users/satyaagarwal/.m2/repository/org/springframework/data/spring-data-jpa/3.1.2/spring-data-jpa-3.1.2.jar:/Users/satyaagarwal/.m2/repository/org/springframework/data/spring-data-commons/3.1.2/spring-data-commons-3.1.2.jar:/Users/satyaagarwal/.m2/repository/org/springframework/spring-orm/6.0.11/spring-orm-6.0.11.jar:/Users/satyaagarwal/.m2/repository/org/springframework/spring-tx/6.0.11/spring-tx-6.0.11.jar:/Users/satyaagarwal/.m2/repository/org/springframework/spring-aspects/6.0.11/spring-aspects-6.0.11.jar:/Users/satyaagarwal/.m2/repository/com/mysql/mysql-connector-j/8.0.33/mysql-connector-j-8.0.33.jar:/Users/satyaagarwal/.m2/repository/org/springframework/boot/spring-boot-starter-test/3.1.2/spring-boot-starter-test-3.1.2.jar:/Users/satyaagarwal/.m2/repository/org/springframework/boot/spring-boot-test/3.1.2/spring-boot-test-3.1.2.jar:/Users/satyaagarwal/.m2/repository/org/springframework/boot/spring-boot-test-autoconfigure/3.1.2/spring-boot-test-autoconfigure-3.1.2.jar:/Users/satyaagarwal/.m2/repository/com/jayway/jsonpath/json-path/2.8.0/json-path-2.8.0.jar:/Users/satyaagarwal/.m2/repository/jakarta/xml/bind/jakarta.xml.bind-api/4.0.0/jakarta.xml.bind-api-4.0.0.jar:/Users/satyaagarwal/.m2/repository/jakarta/activation/jakarta.activation-api/2.1.2/jakarta.activation-api-2.1.2.jar:/Users/satyaagarwal/.m2/repository/net/minidev/json-smart/2.4.11/json-smart-2.4.11.jar:/Users/satyaagarwal/.m2/repository/net/minidev/accessors-smart/2.4.11/accessors-smart-2.4.11.jar:/Users/satyaagarwal/.m2/repository/org/ow2/asm/asm/9.3/asm-9.3.jar:/Users/satyaagarwal/.m2/repository/org/assertj/assertj-core/3.24.2/assertj-core-3.24.2.jar:/Users/satyaagarwal/.m2/repository/org/hamcrest/hamcrest/2.2/hamcrest-2.2.jar:/Users/satyaagarwal/.m2/repository/org/junit/jupiter/junit-jupiter/5.9.3/junit-jupiter-5.9.3.jar:/Users/satyaagarwal/.m2/repository/org/junit/jupiter/junit-jupiter-api/5.9.3/junit-jupiter-api-5.9.3.jar:/Users/satyaagarwal/.m2/repository/org/opentest4j/opentest4j/1.2.0/opentest4j-1.2.0.jar:/Users/satyaagarwal/.m2/repository/org/junit/platform/junit-platform-commons/1.9.3/junit-platform-commons-1.9.3.jar:/Users/satyaagarwal/.m2/repository/org/apiguardian/apiguardian-api/1.1.2/apiguardian-api-1.1.2.jar:/Users/satyaagarwal/.m2/repository/org/junit/jupiter/junit-jupiter-params/5.9.3/junit-jupiter-params-5.9.3.jar:/Users/satyaagarwal/.m2/repository/org/junit/jupiter/junit-jupiter-engine/5.9.3/junit-jupiter-engine-5.9.3.jar:/Users/satyaagarwal/.m2/repository/org/junit/platform/junit-platform-engine/1.9.3/junit-platform-engine-1.9.3.jar:/Users/satyaagarwal/.m2/repository/org/mockito/mockito-core/5.3.1/mockito-core-5.3.1.jar:/Users/satyaagarwal/.m2/repository/net/bytebuddy/byte-buddy-agent/1.14.5/byte-buddy-agent-1.14.5.jar:/Users/satyaagarwal/.m2/repository/org/objenesis/objenesis/3.3/objenesis-3.3.jar:/Users/satyaagarwal/.m2/repository/org/mockito/mockito-junit-jupiter/5.3.1/mockito-junit-jupiter-5.3.1.jar:/Users/satyaagarwal/.m2/repository/org/skyscreamer/jsonassert/1.5.1/jsonassert-1.5.1.jar:/Users/satyaagarwal/.m2/repository/com/vaadin/external/google/android-json/0.0.20131108.vaadin1/android-json-0.0.20131108.vaadin1.jar:/Users/satyaagarwal/.m2/repository/org/springframework/spring-core/6.0.11/spring-core-6.0.11.jar:/Users/satyaagarwal/.m2/repository/org/springframework/spring-jcl/6.0.11/spring-jcl-6.0.11.jar:/Users/satyaagarwal/.m2/repository/org/springframework/spring-test/6.0.11/spring-test-6.0.11.jar:/Users/satyaagarwal/.m2/repository/org/xmlunit/xmlunit-core/2.9.1/xmlunit-core-2.9.1.jar:/Users/satyaagarwal/.m2/repository/org/springframework/boot/spring-boot-testcontainers/3.1.2/spring-boot-testcontainers-3.1.2.jar:/Users/satyaagarwal/.m2/repository/org/springframework/boot/spring-boot-autoconfigure/3.1.2/spring-boot-autoconfigure-3.1.2.jar:/Users/satyaagarwal/.m2/repository/org/testcontainers/testcontainers/1.18.3/testcontainers-1.18.3.jar:/Users/satyaagarwal/.m2/repository/junit/junit/4.13.2/junit-4.13.2.jar:/Users/satyaagarwal/.m2/repository/org/hamcrest/hamcrest-core/2.2/hamcrest-core-2.2.jar:/Users/satyaagarwal/.m2/repository/org/slf4j/slf4j-api/2.0.7/slf4j-api-2.0.7.jar:/Users/satyaagarwal/.m2/repository/org/apache/commons/commons-compress/1.23.0/commons-compress-1.23.0.jar:/Users/satyaagarwal/.m2/repository/org/rnorth/duct-tape/duct-tape/1.0.8/duct-tape-1.0.8.jar:/Users/satyaagarwal/.m2/repository/org/jetbrains/annotations/17.0.0/annotations-17.0.0.jar:/Users/satyaagarwal/.m2/repository/com/github/docker-java/docker-java-api/3.3.0/docker-java-api-3.3.0.jar:/Users/satyaagarwal/.m2/repository/com/fasterxml/jackson/core/jackson-annotations/2.15.2/jackson-annotations-2.15.2.jar:/Users/satyaagarwal/.m2/repository/com/github/docker-java/docker-java-transport-zerodep/3.3.0/docker-java-transport-zerodep-3.3.0.jar:/Users/satyaagarwal/.m2/repository/com/github/docker-java/docker-java-transport/3.3.0/docker-java-transport-3.3.0.jar:/Users/satyaagarwal/.m2/repository/net/java/dev/jna/jna/5.12.1/jna-5.12.1.jar:/Users/satyaagarwal/.m2/repository/org/testcontainers/mysql/1.18.3/mysql-1.18.3.jar:/Users/satyaagarwal/.m2/repository/org/testcontainers/jdbc/1.18.3/jdbc-1.18.3.jar:/Users/satyaagarwal/.m2/repository/org/testcontainers/database-commons/1.18.3/database-commons-1.18.3.jar:/Users/satyaagarwal/.m2/repository/org/testcontainers/junit-jupiter/1.18.3/junit-jupiter-1.18.3.jar:"/>
    <property name="java.vm.vendor" value="Homebrew"/>
    <property name="sun.arch.data.model" value="64"/>
    <property name="catalina.useNaming" value="false"/>
    <property name="java.vendor.url" value="https://github.com/Homebrew/homebrew-core/issues"/>
    <property name="user.timezone" value="America/New_York"/>
    <property name="org.jboss.logging.provider" value="slf4j"/>
    <property name="os.name" value="Mac OS X"/>
    <property name="java.vm.specification.version" value="21"/>
    <property name="sun.java.launcher" value="SUN_STANDARD"/>
    <property name="user.country" value="US"/>
    <property name="sun.boot.library.path" value="/opt/homebrew/Cellar/openjdk/21.0.2/libexec/openjdk.jdk/Contents/Home/lib"/>
    <property name="sun.java.command" value="/Users/satyaagarwal/Documents/backup/customers/wellsfargo/spring-boot/spring-data-jpa-mysql/target/surefire/surefirebooter-20240618151628720_3.jar /Users/satyaagarwal/Documents/backup/customers/wellsfargo/spring-boot/spring-data-jpa-mysql/target/surefire 2024-06-18T15-16-28_671-jvmRun1 surefire-20240618151628720_1tmp surefire_0-20240618151628720_2tmp"/>
    <property name="jdk.debug" value="release"/>
    <property name="surefire.test.class.path" value="/Users/satyaagarwal/Documents/backup/customers/wellsfargo/spring-boot/spring-data-jpa-mysql/target/test-classes:/Users/satyaagarwal/Documents/backup/customers/wellsfargo/spring-boot/spring-data-jpa-mysql/target/classes:/Users/satyaagarwal/.m2/repository/org/springframework/boot/spring-boot-starter-web/3.1.2/spring-boot-starter-web-3.1.2.jar:/Users/satyaagarwal/.m2/repository/org/springframework/boot/spring-boot-starter/3.1.2/spring-boot-starter-3.1.2.jar:/Users/satyaagarwal/.m2/repository/org/springframework/boot/spring-boot/3.1.2/spring-boot-3.1.2.jar:/Users/satyaagarwal/.m2/repository/org/springframework/boot/spring-boot-starter-logging/3.1.2/spring-boot-starter-logging-3.1.2.jar:/Users/satyaagarwal/.m2/repository/ch/qos/logback/logback-classic/1.4.8/logback-classic-1.4.8.jar:/Users/satyaagarwal/.m2/repository/ch/qos/logback/logback-core/1.4.8/logback-core-1.4.8.jar:/Users/satyaagarwal/.m2/repository/org/apache/logging/log4j/log4j-to-slf4j/2.20.0/log4j-to-slf4j-2.20.0.jar:/Users/satyaagarwal/.m2/repository/org/apache/logging/log4j/log4j-api/2.20.0/log4j-api-2.20.0.jar:/Users/satyaagarwal/.m2/repository/org/slf4j/jul-to-slf4j/2.0.7/jul-to-slf4j-2.0.7.jar:/Users/satyaagarwal/.m2/repository/jakarta/annotation/jakarta.annotation-api/2.1.1/jakarta.annotation-api-2.1.1.jar:/Users/satyaagarwal/.m2/repository/org/yaml/snakeyaml/1.33/snakeyaml-1.33.jar:/Users/satyaagarwal/.m2/repository/org/springframework/boot/spring-boot-starter-json/3.1.2/spring-boot-starter-json-3.1.2.jar:/Users/satyaagarwal/.m2/repository/com/fasterxml/jackson/core/jackson-databind/2.15.2/jackson-databind-2.15.2.jar:/Users/satyaagarwal/.m2/repository/com/fasterxml/jackson/core/jackson-core/2.15.2/jackson-core-2.15.2.jar:/Users/satyaagarwal/.m2/repository/com/fasterxml/jackson/datatype/jackson-datatype-jdk8/2.15.2/jackson-datatype-jdk8-2.15.2.jar:/Users/satyaagarwal/.m2/repository/com/fasterxml/jackson/datatype/jackson-datatype-jsr310/2.15.2/jackson-datatype-jsr310-2.15.2.jar:/Users/satyaagarwal/.m2/repository/com/fasterxml/jackson/module/jackson-module-parameter-names/2.15.2/jackson-module-parameter-names-2.15.2.jar:/Users/satyaagarwal/.m2/repository/org/springframework/boot/spring-boot-starter-tomcat/3.1.2/spring-boot-starter-tomcat-3.1.2.jar:/Users/satyaagarwal/.m2/repository/org/apache/tomcat/embed/tomcat-embed-core/10.1.11/tomcat-embed-core-10.1.11.jar:/Users/satyaagarwal/.m2/repository/org/apache/tomcat/embed/tomcat-embed-el/10.1.11/tomcat-embed-el-10.1.11.jar:/Users/satyaagarwal/.m2/repository/org/apache/tomcat/embed/tomcat-embed-websocket/10.1.11/tomcat-embed-websocket-10.1.11.jar:/Users/satyaagarwal/.m2/repository/org/springframework/spring-web/6.0.11/spring-web-6.0.11.jar:/Users/satyaagarwal/.m2/repository/org/springframework/spring-beans/6.0.11/spring-beans-6.0.11.jar:/Users/satyaagarwal/.m2/repository/io/micrometer/micrometer-observation/1.11.2/micrometer-observation-1.11.2.jar:/Users/satyaagarwal/.m2/repository/io/micrometer/micrometer-commons/1.11.2/micrometer-commons-1.11.2.jar:/Users/satyaagarwal/.m2/repository/org/springframework/spring-webmvc/6.0.11/spring-webmvc-6.0.11.jar:/Users/satyaagarwal/.m2/repository/org/springframework/spring-aop/6.0.11/spring-aop-6.0.11.jar:/Users/satyaagarwal/.m2/repository/org/springframework/spring-context/6.0.11/spring-context-6.0.11.jar:/Users/satyaagarwal/.m2/repository/org/springframework/spring-expression/6.0.11/spring-expression-6.0.11.jar:/Users/satyaagarwal/.m2/repository/org/springframework/boot/spring-boot-starter-data-jpa/3.1.2/spring-boot-starter-data-jpa-3.1.2.jar:/Users/satyaagarwal/.m2/repository/org/springframework/boot/spring-boot-starter-aop/3.1.2/spring-boot-starter-aop-3.1.2.jar:/Users/satyaagarwal/.m2/repository/org/aspectj/aspectjweaver/1.9.19/aspectjweaver-1.9.19.jar:/Users/satyaagarwal/.m2/repository/org/springframework/boot/spring-boot-starter-jdbc/3.1.2/spring-boot-starter-jdbc-3.1.2.jar:/Users/satyaagarwal/.m2/repository/com/zaxxer/HikariCP/5.0.1/HikariCP-5.0.1.jar:/Users/satyaagarwal/.m2/repository/org/springframework/spring-jdbc/6.0.11/spring-jdbc-6.0.11.jar:/Users/satyaagarwal/.m2/repository/org/hibernate/orm/hibernate-core/6.2.6.Final/hibernate-core-6.2.6.Final.jar:/Users/satyaagarwal/.m2/repository/jakarta/persistence/jakarta.persistence-api/3.1.0/jakarta.persistence-api-3.1.0.jar:/Users/satyaagarwal/.m2/repository/jakarta/transaction/jakarta.transaction-api/2.0.1/jakarta.transaction-api-2.0.1.jar:/Users/satyaagarwal/.m2/repository/org/jboss/logging/jboss-logging/3.5.3.Final/jboss-logging-3.5.3.Final.jar:/Users/satyaagarwal/.m2/repository/org/hibernate/common/hibernate-commons-annotations/6.0.6.Final/hibernate-commons-annotations-6.0.6.Final.jar:/Users/satyaagarwal/.m2/repository/io/smallrye/jandex/3.0.5/jandex-3.0.5.jar:/Users/satyaagarwal/.m2/repository/com/fasterxml/classmate/1.5.1/classmate-1.5.1.jar:/Users/satyaagarwal/.m2/repository/net/bytebuddy/byte-buddy/1.14.5/byte-buddy-1.14.5.jar:/Users/satyaagarwal/.m2/repository/org/glassfish/jaxb/jaxb-runtime/4.0.3/jaxb-runtime-4.0.3.jar:/Users/satyaagarwal/.m2/repository/org/glassfish/jaxb/jaxb-core/4.0.3/jaxb-core-4.0.3.jar:/Users/satyaagarwal/.m2/repository/org/eclipse/angus/angus-activation/2.0.1/angus-activation-2.0.1.jar:/Users/satyaagarwal/.m2/repository/org/glassfish/jaxb/txw2/4.0.3/txw2-4.0.3.jar:/Users/satyaagarwal/.m2/repository/com/sun/istack/istack-commons-runtime/4.1.2/istack-commons-runtime-4.1.2.jar:/Users/satyaagarwal/.m2/repository/jakarta/inject/jakarta.inject-api/2.0.1/jakarta.inject-api-2.0.1.jar:/Users/satyaagarwal/.m2/repository/org/antlr/antlr4-runtime/4.10.1/antlr4-runtime-4.10.1.jar:/Users/satyaagarwal/.m2/repository/org/springframework/data/spring-data-jpa/3.1.2/spring-data-jpa-3.1.2.jar:/Users/satyaagarwal/.m2/repository/org/springframework/data/spring-data-commons/3.1.2/spring-data-commons-3.1.2.jar:/Users/satyaagarwal/.m2/repository/org/springframework/spring-orm/6.0.11/spring-orm-6.0.11.jar:/Users/satyaagarwal/.m2/repository/org/springframework/spring-tx/6.0.11/spring-tx-6.0.11.jar:/Users/satyaagarwal/.m2/repository/org/springframework/spring-aspects/6.0.11/spring-aspects-6.0.11.jar:/Users/satyaagarwal/.m2/repository/com/mysql/mysql-connector-j/8.0.33/mysql-connector-j-8.0.33.jar:/Users/satyaagarwal/.m2/repository/org/springframework/boot/spring-boot-starter-test/3.1.2/spring-boot-starter-test-3.1.2.jar:/Users/satyaagarwal/.m2/repository/org/springframework/boot/spring-boot-test/3.1.2/spring-boot-test-3.1.2.jar:/Users/satyaagarwal/.m2/repository/org/springframework/boot/spring-boot-test-autoconfigure/3.1.2/spring-boot-test-autoconfigure-3.1.2.jar:/Users/satyaagarwal/.m2/repository/com/jayway/jsonpath/json-path/2.8.0/json-path-2.8.0.jar:/Users/satyaagarwal/.m2/repository/jakarta/xml/bind/jakarta.xml.bind-api/4.0.0/jakarta.xml.bind-api-4.0.0.jar:/Users/satyaagarwal/.m2/repository/jakarta/activation/jakarta.activation-api/2.1.2/jakarta.activation-api-2.1.2.jar:/Users/satyaagarwal/.m2/repository/net/minidev/json-smart/2.4.11/json-smart-2.4.11.jar:/Users/satyaagarwal/.m2/repository/net/minidev/accessors-smart/2.4.11/accessors-smart-2.4.11.jar:/Users/satyaagarwal/.m2/repository/org/ow2/asm/asm/9.3/asm-9.3.jar:/Users/satyaagarwal/.m2/repository/org/assertj/assertj-core/3.24.2/assertj-core-3.24.2.jar:/Users/satyaagarwal/.m2/repository/org/hamcrest/hamcrest/2.2/hamcrest-2.2.jar:/Users/satyaagarwal/.m2/repository/org/junit/jupiter/junit-jupiter/5.9.3/junit-jupiter-5.9.3.jar:/Users/satyaagarwal/.m2/repository/org/junit/jupiter/junit-jupiter-api/5.9.3/junit-jupiter-api-5.9.3.jar:/Users/satyaagarwal/.m2/repository/org/opentest4j/opentest4j/1.2.0/opentest4j-1.2.0.jar:/Users/satyaagarwal/.m2/repository/org/junit/platform/junit-platform-commons/1.9.3/junit-platform-commons-1.9.3.jar:/Users/satyaagarwal/.m2/repository/org/apiguardian/apiguardian-api/1.1.2/apiguardian-api-1.1.2.jar:/Users/satyaagarwal/.m2/repository/org/junit/jupiter/junit-jupiter-params/5.9.3/junit-jupiter-params-5.9.3.jar:/Users/satyaagarwal/.m2/repository/org/junit/jupiter/junit-jupiter-engine/5.9.3/junit-jupiter-engine-5.9.3.jar:/Users/satyaagarwal/.m2/repository/org/junit/platform/junit-platform-engine/1.9.3/junit-platform-engine-1.9.3.jar:/Users/satyaagarwal/.m2/repository/org/mockito/mockito-core/5.3.1/mockito-core-5.3.1.jar:/Users/satyaagarwal/.m2/repository/net/bytebuddy/byte-buddy-agent/1.14.5/byte-buddy-agent-1.14.5.jar:/Users/satyaagarwal/.m2/repository/org/objenesis/objenesis/3.3/objenesis-3.3.jar:/Users/satyaagarwal/.m2/repository/org/mockito/mockito-junit-jupiter/5.3.1/mockito-junit-jupiter-5.3.1.jar:/Users/satyaagarwal/.m2/repository/org/skyscreamer/jsonassert/1.5.1/jsonassert-1.5.1.jar:/Users/satyaagarwal/.m2/repository/com/vaadin/external/google/android-json/0.0.20131108.vaadin1/android-json-0.0.20131108.vaadin1.jar:/Users/satyaagarwal/.m2/repository/org/springframework/spring-core/6.0.11/spring-core-6.0.11.jar:/Users/satyaagarwal/.m2/repository/org/springframework/spring-jcl/6.0.11/spring-jcl-6.0.11.jar:/Users/satyaagarwal/.m2/repository/org/springframework/spring-test/6.0.11/spring-test-6.0.11.jar:/Users/satyaagarwal/.m2/repository/org/xmlunit/xmlunit-core/2.9.1/xmlunit-core-2.9.1.jar:/Users/satyaagarwal/.m2/repository/org/springframework/boot/spring-boot-testcontainers/3.1.2/spring-boot-testcontainers-3.1.2.jar:/Users/satyaagarwal/.m2/repository/org/springframework/boot/spring-boot-autoconfigure/3.1.2/spring-boot-autoconfigure-3.1.2.jar:/Users/satyaagarwal/.m2/repository/org/testcontainers/testcontainers/1.18.3/testcontainers-1.18.3.jar:/Users/satyaagarwal/.m2/repository/junit/junit/4.13.2/junit-4.13.2.jar:/Users/satyaagarwal/.m2/repository/org/hamcrest/hamcrest-core/2.2/hamcrest-core-2.2.jar:/Users/satyaagarwal/.m2/repository/org/slf4j/slf4j-api/2.0.7/slf4j-api-2.0.7.jar:/Users/satyaagarwal/.m2/repository/org/apache/commons/commons-compress/1.23.0/commons-compress-1.23.0.jar:/Users/satyaagarwal/.m2/repository/org/rnorth/duct-tape/duct-tape/1.0.8/duct-tape-1.0.8.jar:/Users/satyaagarwal/.m2/repository/org/jetbrains/annotations/17.0.0/annotations-17.0.0.jar:/Users/satyaagarwal/.m2/repository/com/github/docker-java/docker-java-api/3.3.0/docker-java-api-3.3.0.jar:/Users/satyaagarwal/.m2/repository/com/fasterxml/jackson/core/jackson-annotations/2.15.2/jackson-annotations-2.15.2.jar:/Users/satyaagarwal/.m2/repository/com/github/docker-java/docker-java-transport-zerodep/3.3.0/docker-java-transport-zerodep-3.3.0.jar:/Users/satyaagarwal/.m2/repository/com/github/docker-java/docker-java-transport/3.3.0/docker-java-transport-3.3.0.jar:/Users/satyaagarwal/.m2/repository/net/java/dev/jna/jna/5.12.1/jna-5.12.1.jar:/Users/satyaagarwal/.m2/repository/org/testcontainers/mysql/1.18.3/mysql-1.18.3.jar:/Users/satyaagarwal/.m2/repository/org/testcontainers/jdbc/1.18.3/jdbc-1.18.3.jar:/Users/satyaagarwal/.m2/repository/org/testcontainers/database-commons/1.18.3/database-commons-1.18.3.jar:/Users/satyaagarwal/.m2/repository/org/testcontainers/junit-jupiter/1.18.3/junit-jupiter-1.18.3.jar:"/>
    <property name="sun.cpu.endian" value="little"/>
    <property name="user.home" value="/Users/satyaagarwal"/>
    <property name="user.language" value="en"/>
    <property name="java.specification.vendor" value="Oracle Corporation"/>
    <property name="java.version.date" value="2024-01-16"/>
    <property name="java.home" value="/opt/homebrew/Cellar/openjdk/21.0.2/libexec/openjdk.jdk/Contents/Home"/>
    <property name="file.separator" value="/"/>
    <property name="basedir" value="/Users/satyaagarwal/Documents/backup/customers/wellsfargo/spring-boot/spring-data-jpa-mysql"/>
    <property name="java.vm.compressedOopsMode" value="Zero based"/>
    <property name="line.separator" value="&#10;"/>
    <property name="java.vm.specification.vendor" value="Oracle Corporation"/>
    <property name="java.specification.name" value="Java Platform API Specification"/>
    <property name="FILE_LOG_CHARSET" value="UTF-8"/>
    <property name="java.awt.headless" value="true"/>
    <property name="apple.awt.application.name" value="ForkedBooter"/>
    <property name="surefire.real.class.path" value="/Users/satyaagarwal/Documents/backup/customers/wellsfargo/spring-boot/spring-data-jpa-mysql/target/surefire/surefirebooter-20240618151628720_3.jar"/>
    <property name="sun.management.compiler" value="HotSpot 64-Bit Tiered Compilers"/>
    <property name="java.runtime.version" value="21.0.2"/>
    <property name="user.name" value="satyaagarwal"/>
    <property name="stdout.encoding" value="UTF-8"/>
    <property name="path.separator" value=":"/>
    <property name="os.version" value="14.3"/>
    <property name="java.runtime.name" value="OpenJDK Runtime Environment"/>
    <property name="file.encoding" value="UTF-8"/>
    <property name="java.vm.name" value="OpenJDK 64-Bit Server VM"/>
    <property name="java.vendor.version" value="Homebrew"/>
    <property name="localRepository" value="/Users/satyaagarwal/.m2/repository"/>
    <property name="java.vendor.url.bug" value="https://github.com/Homebrew/homebrew-core/issues"/>
    <property name="java.io.tmpdir" value="/var/folders/c5/04bw7ct925l_pn3fhn0qfsth0000gr/T/"/>
    <property name="idea.version" value="2024.1"/>
    <property name="catalina.home" value="/private/var/folders/c5/04bw7ct925l_pn3fhn0qfsth0000gr/T/tomcat.0.9009437198761555058"/>
    <property name="com.zaxxer.hikari.pool_number" value="1"/>
    <property name="java.version" value="21.0.2"/>
    <property name="user.dir" value="/Users/satyaagarwal/Documents/backup/customers/wellsfargo/spring-boot/spring-data-jpa-mysql"/>
    <property name="os.arch" value="aarch64"/>
    <property name="java.vm.specification.name" value="Java Virtual Machine Specification"/>
    <property name="PID" value="26795"/>
    <property name="CONSOLE_LOG_CHARSET" value="UTF-8"/>
    <property name="catalina.base" value="/private/var/folders/c5/04bw7ct925l_pn3fhn0qfsth0000gr/T/tomcat.0.9009437198761555058"/>
    <property name="native.encoding" value="UTF-8"/>
    <property name="java.library.path" value="/Users/satyaagarwal/Library/Java/Extensions:/Library/Java/Extensions:/Network/Library/Java/Extensions:/System/Library/Java/Extensions:/usr/lib/java:."/>
    <property name="java.vm.info" value="mixed mode, sharing"/>
    <property name="stderr.encoding" value="UTF-8"/>
    <property name="java.vendor" value="Homebrew"/>
    <property name="java.vm.version" value="21.0.2"/>
    <property name="sun.io.unicode.encoding" value="UnicodeBig"/>
    <property name="java.class.version" value="65.0"/>
  </properties>
  <testcase name="testFindAll" classname="com.springdatamysql.BookControllerTest" time="0.582">
    <system-out><![CDATA[15:16:29.227 [main] INFO org.springframework.test.context.support.AnnotationConfigContextLoaderUtils -- Could not detect default configuration classes for test class [com.springdatamysql.BookControllerTest]: BookControllerTest does not declare any static, non-private, non-final, nested classes annotated with @Configuration.
15:16:29.279 [main] INFO org.testcontainers.utility.ImageNameSubstitutor -- Image name substitution will be performed by: DefaultImageNameSubstitutor (composite of 'ConfigurationFileImageNameSubstitutor' and 'PrefixingImageNameSubstitutor')
15:16:29.427 [main] INFO org.testcontainers.dockerclient.DockerClientProviderStrategy -- Loaded org.testcontainers.dockerclient.UnixSocketClientProviderStrategy from ~/.testcontainers.properties, will try it first
15:16:29.594 [main] INFO org.testcontainers.dockerclient.DockerClientProviderStrategy -- Found Docker environment with local Unix socket (unix:///var/run/docker.sock)
15:16:29.595 [main] INFO org.testcontainers.DockerClientFactory -- Docker host IP address is localhost
15:16:29.619 [main] INFO org.testcontainers.DockerClientFactory -- Connected to docker: 
  Server Version: 20.10.22
  API Version: 1.41
  Operating System: Docker Desktop
  Total Memory: 23759 MB
15:16:29.665 [main] INFO tc.testcontainers/ryuk:0.5.1 -- Creating container for image: testcontainers/ryuk:0.5.1
15:16:30.239 [main] INFO org.testcontainers.utility.RegistryAuthLocator -- Credential helper/store (docker-credential-desktop) does not have credentials for https://index.docker.io/v1/
15:16:30.325 [main] INFO tc.testcontainers/ryuk:0.5.1 -- Container testcontainers/ryuk:0.5.1 is starting: 2bb5952edbac3111e554e3e4670db2cb357d8fc5f4844ce6eae3651d7e481f46
15:16:30.793 [main] INFO tc.testcontainers/ryuk:0.5.1 -- Container testcontainers/ryuk:0.5.1 started in PT1.169512S
15:16:30.799 [main] INFO org.testcontainers.utility.RyukResourceReaper -- Ryuk started - will monitor and terminate Testcontainers containers on JVM exit
15:16:30.799 [main] INFO org.testcontainers.DockerClientFactory -- Checking the system...
15:16:30.799 [main] INFO org.testcontainers.DockerClientFactory -- ✔︎ Docker server version should be at least 1.6.0
15:16:30.858 [main] INFO org.springframework.boot.test.context.SpringBootTestContextBootstrapper -- Found @SpringBootConfiguration com.springdatamysql.StartApplication for test class com.springdatamysql.BookControllerTest
15:16:30.911 [main] INFO tc.mysql:8.0.30 -- Creating container for image: mysql:8.0.30
15:16:30.995 [main] INFO tc.mysql:8.0.30 -- Container mysql:8.0.30 is starting: 364fa2bc714627ac1bd41237fe8a29ce1bae15148b39bde2b5ca93149699409a
15:16:31.253 [main] INFO tc.mysql:8.0.30 -- Waiting for database connection to become available at jdbc:mysql://localhost:53224/test using query 'SELECT 1'
15:16:39.565 [main] INFO tc.mysql:8.0.30 -- Container mysql:8.0.30 started in PT8.653916S
15:16:39.565 [main] INFO tc.mysql:8.0.30 -- Container is started (JDBC URL: jdbc:mysql://localhost:53224/test)

  .   ____          _            __ _ _
 /\\ / ___'_ __ _ _(_)_ __  __ _ \ \ \ \
( ( )\___ | '_ | '_| | '_ \/ _` | \ \ \ \
 \\/  ___)| |_)| | | | | || (_| |  ) ) ) )
  '  |____| .__|_| |_|_| |_\__, | / / / /
 =========|_|==============|___/=/_/_/_/
 :: Spring Boot ::                (v3.1.2)

2024-06-18T15:16:39.703-04:00  INFO 26795 --- [           main] com.springdatamysql.BookControllerTest   : Starting BookControllerTest using Java 21.0.2 with PID 26795 (started by satyaagarwal in /Users/satyaagarwal/Documents/backup/customers/wellsfargo/spring-boot/spring-data-jpa-mysql)
2024-06-18T15:16:39.704-04:00  INFO 26795 --- [           main] com.springdatamysql.BookControllerTest   : No active profile set, falling back to 1 default profile: "default"
2024-06-18T15:16:40.007-04:00  INFO 26795 --- [           main] .s.d.r.c.RepositoryConfigurationDelegate : Bootstrapping Spring Data JPA repositories in DEFAULT mode.
2024-06-18T15:16:40.032-04:00  INFO 26795 --- [           main] .s.d.r.c.RepositoryConfigurationDelegate : Finished Spring Data repository scanning in 21 ms. Found 1 JPA repository interfaces.
2024-06-18T15:16:40.268-04:00  INFO 26795 --- [           main] o.s.b.w.embedded.tomcat.TomcatWebServer  : Tomcat initialized with port(s): 0 (http)
2024-06-18T15:16:40.318-04:00  INFO 26795 --- [           main] w.s.c.ServletWebServerApplicationContext : Root WebApplicationContext: initialization completed in 604 ms
2024-06-18T15:16:40.550-04:00  INFO 26795 --- [           main] o.s.o.j.p.SpringPersistenceUnitInfo      : No LoadTimeWeaver setup: ignoring JPA class transformer
2024-06-18T15:16:41.206-04:00  INFO 26795 --- [           main] j.LocalContainerEntityManagerFactoryBean : Initialized JPA EntityManagerFactory for persistence unit 'default'
2024-06-18T15:16:41.325-04:00  INFO 26795 --- [           main] o.s.d.j.r.query.QueryEnhancerFactory     : Hibernate is in classpath; If applicable, HQL parser will be used.
2024-06-18T15:16:41.569-04:00  WARN 26795 --- [           main] JpaBaseConfiguration$JpaWebConfiguration : spring.jpa.open-in-view is enabled by default. Therefore, database queries may be performed during view rendering. Explicitly configure spring.jpa.open-in-view to disable this warning
2024-06-18T15:16:41.736-04:00  INFO 26795 --- [           main] o.s.b.w.embedded.tomcat.TomcatWebServer  : Tomcat started on port(s): 53309 (http) with context path ''
2024-06-18T15:16:41.741-04:00  INFO 26795 --- [           main] com.springdatamysql.BookControllerTest   : Started BookControllerTest in 2.158 seconds (process running for 12.946)
2024-06-18T15:16:42.255-04:00  INFO 26795 --- [o-auto-1-exec-1] o.s.web.servlet.DispatcherServlet        : Initializing Servlet 'dispatcherServlet'
2024-06-18T15:16:42.256-04:00  INFO 26795 --- [o-auto-1-exec-1] o.s.web.servlet.DispatcherServlet        : Completed initialization in 1 ms
]]></system-out>
    <system-err><![CDATA[WARNING: A Java agent has been loaded dynamically (/Users/satyaagarwal/.m2/repository/net/bytebuddy/byte-buddy-agent/1.14.5/byte-buddy-agent-1.14.5.jar)
WARNING: If a serviceability tool is in use, please run with -XX:+EnableDynamicAgentLoading to hide this warning
WARNING: If a serviceability tool is not in use, please run with -Djdk.instrument.traceUsage for more information
WARNING: Dynamic loading of agents will be disallowed by default in a future release
]]></system-err>
  </testcase>
  <testcase name="testFindByTitle" classname="com.springdatamysql.BookControllerTest" time="0.055"/>
  <testcase name="testDeleteById" classname="com.springdatamysql.BookControllerTest" time="0.053"/>
  <testcase name="testCreate" classname="com.springdatamysql.BookControllerTest" time="0.031"/>
  <testcase name="testUpdate" classname="com.springdatamysql.BookControllerTest" time="0.04"/>
  <testcase name="testFindByPublishedDateAfter" classname="com.springdatamysql.BookControllerTest" time="0.057"/>
</testsuite>